<?xml version="1.0" encoding="UTF-8"?>
<!-- Generated by org.testng.reporters.JUnitXMLReporter -->
<testsuite ignored="1" hostname="kulkarni" failures="1" tests="2" name="Demo Test 2" time="42.298" errors="0" timestamp="2023-09-23T13:53:37 IST">
  <testcase classname="tests.Demo2Test" name="navigateToGooglePage" time="19.564">
    <skipped/>
  </testcase> <!-- navigateToGooglePage -->
  <testcase classname="tests.Demo2Test" name="navigateToGooglePage" time="11.39">
    <failure type="java.lang.AssertionError" message="expected [true] but found [false]">
      <![CDATA[java.lang.AssertionError: expected [true] but found [false]
at tests.Demo2Test.navigateToGooglePage(Demo2Test.java:20)
at java.base/java.util.concurrent.ThreadPoolExecutor.runWorker(ThreadPoolExecutor.java:1130)
at java.base/java.util.concurrent.ThreadPoolExecutor$Worker.run(ThreadPoolExecutor.java:630)
at java.base/java.lang.Thread.run(Thread.java:832)
... Removed 16 stack frames]]>
    </failure>
  </testcase> <!-- navigateToGooglePage -->
  <testcase classname="tests.Demo2Test" name="navigateToTestNGPage" time="0.0">
    <ignored/>
  </testcase> <!-- navigateToTestNGPage -->
</testsuite> <!-- Demo Test 2 -->
